This is pdfTeX, Version 3.14159265-2.6-1.40.16 (TeX Live 2015) (preloaded format=pdflatex 2016.5.6)  10 MAY 2016 13:06
entering extended mode
 restricted \write18 enabled.
 %&-line parsing enabled.
**Exposé.tex
(./Exposé.tex
LaTeX2e <2015/01/01>
Babel <3.9l> and hyphenation patterns for 79 languages loaded.
(/usr/local/texlive/2015/texmf-dist/tex/latex/base/article.cls
Document Class: article 2014/09/29 v1.4h Standard LaTeX document class
(/usr/local/texlive/2015/texmf-dist/tex/latex/base/size12.clo
File: size12.clo 2014/09/29 v1.4h Standard LaTeX file (size option)
)
\c@part=\count79
\c@section=\count80
\c@subsection=\count81
\c@subsubsection=\count82
\c@paragraph=\count83
\c@subparagraph=\count84
\c@figure=\count85
\c@table=\count86
\abovecaptionskip=\skip41
\belowcaptionskip=\skip42
\bibindent=\dimen102
)
(/usr/local/texlive/2015/texmf-dist/tex/generic/babel/babel.sty
Package: babel 2014/09/25 3.9l The Babel package

(/usr/local/texlive/2015/texmf-dist/tex/generic/babel-german/ngerman.ldf
Language: ngerman 2013/12/13 v2.7 German support for babel (new orthography)

(/usr/local/texlive/2015/texmf-dist/tex/generic/babel-german/ngermanb.ldf
Language: ngermanb 2013/12/13 v2.7 German support for babel (new orthography)

(/usr/local/texlive/2015/texmf-dist/tex/generic/babel/babel.def
File: babel.def 2014/09/25 3.9l Babel common definitions
\babel@savecnt=\count87
\U@D=\dimen103
)
\l@naustrian = a dialect from \language\l@ngerman 
\l@nswissgerman = a dialect from \language\l@ngerman 
Package babel Info: Making " an active character on input line 88.
)))
(/usr/local/texlive/2015/texmf-dist/tex/latex/base/inputenc.sty
Package: inputenc 2015/03/17 v1.2c Input encoding file
\inpenc@prehook=\toks14
\inpenc@posthook=\toks15

(/usr/local/texlive/2015/texmf-dist/tex/latex/base/utf8.def
File: utf8.def 2014/09/29 v1.1m UTF-8 support for inputenc
Now handling font encoding OML ...
... no UTF-8 mapping file for font encoding OML
Now handling font encoding T1 ...
... processing UTF-8 mapping file for font encoding T1

(/usr/local/texlive/2015/texmf-dist/tex/latex/base/t1enc.dfu
File: t1enc.dfu 2014/09/29 v1.1m UTF-8 support for inputenc
   defining Unicode char U+00A1 (decimal 161)
   defining Unicode char U+00A3 (decimal 163)
   defining Unicode char U+00AB (decimal 171)
   defining Unicode char U+00BB (decimal 187)
   defining Unicode char U+00BF (decimal 191)
   defining Unicode char U+00C0 (decimal 192)
   defining Unicode char U+00C1 (decimal 193)
   defining Unicode char U+00C2 (decimal 194)
   defining Unicode char U+00C3 (decimal 195)
   defining Unicode char U+00C4 (decimal 196)
   defining Unicode char U+00C5 (decimal 197)
   defining Unicode char U+00C6 (decimal 198)
   defining Unicode char U+00C7 (decimal 199)
   defining Unicode char U+00C8 (decimal 200)
   defining Unicode char U+00C9 (decimal 201)
   defining Unicode char U+00CA (decimal 202)
   defining Unicode char U+00CB (decimal 203)
   defining Unicode char U+00CC (decimal 204)
   defining Unicode char U+00CD (decimal 205)
   defining Unicode char U+00CE (decimal 206)
   defining Unicode char U+00CF (decimal 207)
   defining Unicode char U+00D0 (decimal 208)
   defining Unicode char U+00D1 (decimal 209)
   defining Unicode char U+00D2 (decimal 210)
   defining Unicode char U+00D3 (decimal 211)
   defining Unicode char U+00D4 (decimal 212)
   defining Unicode char U+00D5 (decimal 213)
   defining Unicode char U+00D6 (decimal 214)
   defining Unicode char U+00D8 (decimal 216)
   defining Unicode char U+00D9 (decimal 217)
   defining Unicode char U+00DA (decimal 218)
   defining Unicode char U+00DB (decimal 219)
   defining Unicode char U+00DC (decimal 220)
   defining Unicode char U+00DD (decimal 221)
   defining Unicode char U+00DE (decimal 222)
   defining Unicode char U+00DF (decimal 223)
   defining Unicode char U+00E0 (decimal 224)
   defining Unicode char U+00E1 (decimal 225)
   defining Unicode char U+00E2 (decimal 226)
   defining Unicode char U+00E3 (decimal 227)
   defining Unicode char U+00E4 (decimal 228)
   defining Unicode char U+00E5 (decimal 229)
   defining Unicode char U+00E6 (decimal 230)
   defining Unicode char U+00E7 (decimal 231)
   defining Unicode char U+00E8 (decimal 232)
   defining Unicode char U+00E9 (decimal 233)
   defining Unicode char U+00EA (decimal 234)
   defining Unicode char U+00EB (decimal 235)
   defining Unicode char U+00EC (decimal 236)
   defining Unicode char U+00ED (decimal 237)
   defining Unicode char U+00EE (decimal 238)
   defining Unicode char U+00EF (decimal 239)
   defining Unicode char U+00F0 (decimal 240)
   defining Unicode char U+00F1 (decimal 241)
   defining Unicode char U+00F2 (decimal 242)
   defining Unicode char U+00F3 (decimal 243)
   defining Unicode char U+00F4 (decimal 244)
   defining Unicode char U+00F5 (decimal 245)
   defining Unicode char U+00F6 (decimal 246)
   defining Unicode char U+00F8 (decimal 248)
   defining Unicode char U+00F9 (decimal 249)
   defining Unicode char U+00FA (decimal 250)
   defining Unicode char U+00FB (decimal 251)
   defining Unicode char U+00FC (decimal 252)
   defining Unicode char U+00FD (decimal 253)
   defining Unicode char U+00FE (decimal 254)
   defining Unicode char U+00FF (decimal 255)
   defining Unicode char U+0102 (decimal 258)
   defining Unicode char U+0103 (decimal 259)
   defining Unicode char U+0104 (decimal 260)
   defining Unicode char U+0105 (decimal 261)
   defining Unicode char U+0106 (decimal 262)
   defining Unicode char U+0107 (decimal 263)
   defining Unicode char U+010C (decimal 268)
   defining Unicode char U+010D (decimal 269)
   defining Unicode char U+010E (decimal 270)
   defining Unicode char U+010F (decimal 271)
   defining Unicode char U+0110 (decimal 272)
   defining Unicode char U+0111 (decimal 273)
   defining Unicode char U+0118 (decimal 280)
   defining Unicode char U+0119 (decimal 281)
   defining Unicode char U+011A (decimal 282)
   defining Unicode char U+011B (decimal 283)
   defining Unicode char U+011E (decimal 286)
   defining Unicode char U+011F (decimal 287)
   defining Unicode char U+0130 (decimal 304)
   defining Unicode char U+0131 (decimal 305)
   defining Unicode char U+0132 (decimal 306)
   defining Unicode char U+0133 (decimal 307)
   defining Unicode char U+0139 (decimal 313)
   defining Unicode char U+013A (decimal 314)
   defining Unicode char U+013D (decimal 317)
   defining Unicode char U+013E (decimal 318)
   defining Unicode char U+0141 (decimal 321)
   defining Unicode char U+0142 (decimal 322)
   defining Unicode char U+0143 (decimal 323)
   defining Unicode char U+0144 (decimal 324)
   defining Unicode char U+0147 (decimal 327)
   defining Unicode char U+0148 (decimal 328)
   defining Unicode char U+014A (decimal 330)
   defining Unicode char U+014B (decimal 331)
   defining Unicode char U+0150 (decimal 336)
   defining Unicode char U+0151 (decimal 337)
   defining Unicode char U+0152 (decimal 338)
   defining Unicode char U+0153 (decimal 339)
   defining Unicode char U+0154 (decimal 340)
   defining Unicode char U+0155 (decimal 341)
   defining Unicode char U+0158 (decimal 344)
   defining Unicode char U+0159 (decimal 345)
   defining Unicode char U+015A (decimal 346)
   defining Unicode char U+015B (decimal 347)
   defining Unicode char U+015E (decimal 350)
   defining Unicode char U+015F (decimal 351)
   defining Unicode char U+0160 (decimal 352)
   defining Unicode char U+0161 (decimal 353)
   defining Unicode char U+0162 (decimal 354)
   defining Unicode char U+0163 (decimal 355)
   defining Unicode char U+0164 (decimal 356)
   defining Unicode char U+0165 (decimal 357)
   defining Unicode char U+016E (decimal 366)
   defining Unicode char U+016F (decimal 367)
   defining Unicode char U+0170 (decimal 368)
   defining Unicode char U+0171 (decimal 369)
   defining Unicode char U+0178 (decimal 376)
   defining Unicode char U+0179 (decimal 377)
   defining Unicode char U+017A (decimal 378)
   defining Unicode char U+017B (decimal 379)
   defining Unicode char U+017C (decimal 380)
   defining Unicode char U+017D (decimal 381)
   defining Unicode char U+017E (decimal 382)
   defining Unicode char U+200C (decimal 8204)
   defining Unicode char U+2013 (decimal 8211)
   defining Unicode char U+2014 (decimal 8212)
   defining Unicode char U+2018 (decimal 8216)
   defining Unicode char U+2019 (decimal 8217)
   defining Unicode char U+201A (decimal 8218)
   defining Unicode char U+201C (decimal 8220)
   defining Unicode char U+201D (decimal 8221)
   defining Unicode char U+201E (decimal 8222)
   defining Unicode char U+2030 (decimal 8240)
   defining Unicode char U+2031 (decimal 8241)
   defining Unicode char U+2039 (decimal 8249)
   defining Unicode char U+203A (decimal 8250)
   defining Unicode char U+2423 (decimal 9251)
)
Now handling font encoding OT1 ...
... processing UTF-8 mapping file for font encoding OT1

(/usr/local/texlive/2015/texmf-dist/tex/latex/base/ot1enc.dfu
File: ot1enc.dfu 2014/09/29 v1.1m UTF-8 support for inputenc
   defining Unicode char U+00A1 (decimal 161)
   defining Unicode char U+00A3 (decimal 163)
   defining Unicode char U+00B8 (decimal 184)
   defining Unicode char U+00BF (decimal 191)
   defining Unicode char U+00C5 (decimal 197)
   defining Unicode char U+00C6 (decimal 198)
   defining Unicode char U+00D8 (decimal 216)
   defining Unicode char U+00DF (decimal 223)
   defining Unicode char U+00E6 (decimal 230)
   defining Unicode char U+00EC (decimal 236)
   defining Unicode char U+00ED (decimal 237)
   defining Unicode char U+00EE (decimal 238)
   defining Unicode char U+00EF (decimal 239)
   defining Unicode char U+00F8 (decimal 248)
   defining Unicode char U+0131 (decimal 305)
   defining Unicode char U+0141 (decimal 321)
   defining Unicode char U+0142 (decimal 322)
   defining Unicode char U+0152 (decimal 338)
   defining Unicode char U+0153 (decimal 339)
   defining Unicode char U+2013 (decimal 8211)
   defining Unicode char U+2014 (decimal 8212)
   defining Unicode char U+2018 (decimal 8216)
   defining Unicode char U+2019 (decimal 8217)
   defining Unicode char U+201C (decimal 8220)
   defining Unicode char U+201D (decimal 8221)
)
Now handling font encoding OMS ...
... processing UTF-8 mapping file for font encoding OMS

(/usr/local/texlive/2015/texmf-dist/tex/latex/base/omsenc.dfu
File: omsenc.dfu 2014/09/29 v1.1m UTF-8 support for inputenc
   defining Unicode char U+00A7 (decimal 167)
   defining Unicode char U+00B6 (decimal 182)
   defining Unicode char U+00B7 (decimal 183)
   defining Unicode char U+2020 (decimal 8224)
   defining Unicode char U+2021 (decimal 8225)
   defining Unicode char U+2022 (decimal 8226)
)
Now handling font encoding OMX ...
... no UTF-8 mapping file for font encoding OMX
Now handling font encoding U ...
... no UTF-8 mapping file for font encoding U
   defining Unicode char U+00A9 (decimal 169)
   defining Unicode char U+00AA (decimal 170)
   defining Unicode char U+00AE (decimal 174)
   defining Unicode char U+00BA (decimal 186)
   defining Unicode char U+02C6 (decimal 710)
   defining Unicode char U+02DC (decimal 732)
   defining Unicode char U+200C (decimal 8204)
   defining Unicode char U+2026 (decimal 8230)
   defining Unicode char U+2122 (decimal 8482)
   defining Unicode char U+2423 (decimal 9251)
))
(/usr/local/texlive/2015/texmf-dist/tex/latex/geometry/geometry.sty
Package: geometry 2010/09/12 v5.6 Page Geometry

(/usr/local/texlive/2015/texmf-dist/tex/latex/graphics/keyval.sty
Package: keyval 2014/10/28 v1.15 key=value parser (DPC)
\KV@toks@=\toks16
)
(/usr/local/texlive/2015/texmf-dist/tex/generic/oberdiek/ifpdf.sty
Package: ifpdf 2011/01/30 v2.3 Provides the ifpdf switch (HO)
Package ifpdf Info: pdfTeX in PDF mode is detected.
)
(/usr/local/texlive/2015/texmf-dist/tex/generic/oberdiek/ifvtex.sty
Package: ifvtex 2010/03/01 v1.5 Detect VTeX and its facilities (HO)
Package ifvtex Info: VTeX not detected.
)
(/usr/local/texlive/2015/texmf-dist/tex/generic/ifxetex/ifxetex.sty
Package: ifxetex 2010/09/12 v0.6 Provides ifxetex conditional
)
\Gm@cnth=\count88
\Gm@cntv=\count89
\c@Gm@tempcnt=\count90
\Gm@bindingoffset=\dimen104
\Gm@wd@mp=\dimen105
\Gm@odd@mp=\dimen106
\Gm@even@mp=\dimen107
\Gm@layoutwidth=\dimen108
\Gm@layoutheight=\dimen109
\Gm@layouthoffset=\dimen110
\Gm@layoutvoffset=\dimen111
\Gm@dimlist=\toks17
)
(/usr/local/texlive/2015/texmf-dist/tex/latex/url/url.sty
\Urlmuskip=\muskip10
Package: url 2013/09/16  ver 3.4  Verb mode for urls, etc.
)
(/usr/local/texlive/2015/texmf-dist/tex/latex/hyperref/hyperref.sty
Package: hyperref 2012/11/06 v6.83m Hypertext links for LaTeX

(/usr/local/texlive/2015/texmf-dist/tex/generic/oberdiek/hobsub-hyperref.sty
Package: hobsub-hyperref 2012/05/28 v1.13 Bundle oberdiek, subset hyperref (HO)


(/usr/local/texlive/2015/texmf-dist/tex/generic/oberdiek/hobsub-generic.sty
Package: hobsub-generic 2012/05/28 v1.13 Bundle oberdiek, subset generic (HO)
Package: hobsub 2012/05/28 v1.13 Construct package bundles (HO)
Package: infwarerr 2010/04/08 v1.3 Providing info/warning/error messages (HO)
Package: ltxcmds 2011/11/09 v1.22 LaTeX kernel commands for general use (HO)
Package: ifluatex 2010/03/01 v1.3 Provides the ifluatex switch (HO)
Package ifluatex Info: LuaTeX not detected.
Package hobsub Info: Skipping package `ifvtex' (already loaded).
Package: intcalc 2007/09/27 v1.1 Expandable calculations with integers (HO)
Package hobsub Info: Skipping package `ifpdf' (already loaded).
Package: etexcmds 2011/02/16 v1.5 Avoid name clashes with e-TeX commands (HO)
Package etexcmds Info: Could not find \expanded.
(etexcmds)             That can mean that you are not using pdfTeX 1.50 or
(etexcmds)             that some package has redefined \expanded.
(etexcmds)             In the latter case, load this package earlier.
Package: kvsetkeys 2012/04/25 v1.16 Key value parser (HO)
Package: kvdefinekeys 2011/04/07 v1.3 Define keys (HO)
Package: pdftexcmds 2011/11/29 v0.20 Utility functions of pdfTeX for LuaTeX (HO
)
Package pdftexcmds Info: LuaTeX not detected.
Package pdftexcmds Info: \pdf@primitive is available.
Package pdftexcmds Info: \pdf@ifprimitive is available.
Package pdftexcmds Info: \pdfdraftmode found.
Package: pdfescape 2011/11/25 v1.13 Implements pdfTeX's escape features (HO)
Package: bigintcalc 2012/04/08 v1.3 Expandable calculations on big integers (HO
)
Package: bitset 2011/01/30 v1.1 Handle bit-vector datatype (HO)
Package: uniquecounter 2011/01/30 v1.2 Provide unlimited unique counter (HO)
)
Package hobsub Info: Skipping package `hobsub' (already loaded).
Package: letltxmacro 2010/09/02 v1.4 Let assignment for LaTeX macros (HO)
Package: hopatch 2012/05/28 v1.2 Wrapper for package hooks (HO)
Package: xcolor-patch 2011/01/30 xcolor patch
Package: atveryend 2011/06/30 v1.8 Hooks at the very end of document (HO)
Package atveryend Info: \enddocument detected (standard20110627).
Package: atbegshi 2011/10/05 v1.16 At begin shipout hook (HO)
Package: refcount 2011/10/16 v3.4 Data extraction from label references (HO)
Package: hycolor 2011/01/30 v1.7 Color options for hyperref/bookmark (HO)
)
(/usr/local/texlive/2015/texmf-dist/tex/latex/oberdiek/auxhook.sty
Package: auxhook 2011/03/04 v1.3 Hooks for auxiliary files (HO)
)
(/usr/local/texlive/2015/texmf-dist/tex/latex/oberdiek/kvoptions.sty
Package: kvoptions 2011/06/30 v3.11 Key value format for package options (HO)
)
\@linkdim=\dimen112
\Hy@linkcounter=\count91
\Hy@pagecounter=\count92

(/usr/local/texlive/2015/texmf-dist/tex/latex/hyperref/pd1enc.def
File: pd1enc.def 2012/11/06 v6.83m Hyperref: PDFDocEncoding definition (HO)
Now handling font encoding PD1 ...
... no UTF-8 mapping file for font encoding PD1
)
\Hy@SavedSpaceFactor=\count93

(/usr/local/texlive/2015/texmf-dist/tex/latex/latexconfig/hyperref.cfg
File: hyperref.cfg 2002/06/06 v1.2 hyperref configuration of TeXLive
)
Package hyperref Info: Option `linktocpage' set `true' on input line 4319.
Package hyperref Info: Hyper figures OFF on input line 4443.
Package hyperref Info: Link nesting OFF on input line 4448.
Package hyperref Info: Hyper index ON on input line 4451.
Package hyperref Info: Plain pages OFF on input line 4458.
Package hyperref Info: Backreferencing OFF on input line 4463.
Package hyperref Info: Implicit mode ON; LaTeX internals redefined.
Package hyperref Info: Bookmarks ON on input line 4688.
\c@Hy@tempcnt=\count94
LaTeX Info: Redefining \url on input line 5041.
\XeTeXLinkMargin=\dimen113
\Fld@menulength=\count95
\Field@Width=\dimen114
\Fld@charsize=\dimen115
Package hyperref Info: Hyper figures OFF on input line 6295.
Package hyperref Info: Link nesting OFF on input line 6300.
Package hyperref Info: Hyper index ON on input line 6303.
Package hyperref Info: backreferencing OFF on input line 6310.
Package hyperref Info: Link coloring OFF on input line 6315.
Package hyperref Info: Link coloring with OCG OFF on input line 6320.
Package hyperref Info: PDF/A mode OFF on input line 6325.
LaTeX Info: Redefining \ref on input line 6365.
LaTeX Info: Redefining \pageref on input line 6369.
\Hy@abspage=\count96
\c@Item=\count97
\c@Hfootnote=\count98
)

Package hyperref Message: Driver (autodetected): hpdftex.

(/usr/local/texlive/2015/texmf-dist/tex/latex/hyperref/hpdftex.def
File: hpdftex.def 2012/11/06 v6.83m Hyperref driver for pdfTeX
\Fld@listcount=\count99
\c@bookmark@seq@number=\count100

(/usr/local/texlive/2015/texmf-dist/tex/latex/oberdiek/rerunfilecheck.sty
Package: rerunfilecheck 2011/04/15 v1.7 Rerun checks for auxiliary files (HO)
Package uniquecounter Info: New unique counter `rerunfilecheck' on input line 2
82.
)
\Hy@SectionHShift=\skip43
)
(/usr/local/texlive/2015/texmf-dist/tex/latex/tools/tabularx.sty
Package: tabularx 2014/10/28 v2.10 `tabularx' package (DPC)

(/usr/local/texlive/2015/texmf-dist/tex/latex/tools/array.sty
Package: array 2014/10/28 v2.4c Tabular extension package (FMi)
\col@sep=\dimen116
\extrarowheight=\dimen117
\NC@list=\toks18
\extratabsurround=\skip44
\backup@length=\skip45
)
\TX@col@width=\dimen118
\TX@old@table=\dimen119
\TX@old@col=\dimen120
\TX@target=\dimen121
\TX@delta=\dimen122
\TX@cols=\count101
\TX@ftn=\toks19
)
(/usr/local/texlive/2015/texmf-dist/tex/latex/amsmath/amsmath.sty
Package: amsmath 2013/01/14 v2.14 AMS math features
\@mathmargin=\skip46

For additional information on amsmath, use the `?' option.
(/usr/local/texlive/2015/texmf-dist/tex/latex/amsmath/amstext.sty
Package: amstext 2000/06/29 v2.01

(/usr/local/texlive/2015/texmf-dist/tex/latex/amsmath/amsgen.sty
File: amsgen.sty 1999/11/30 v2.0
\@emptytoks=\toks20
\ex@=\dimen123
))
(/usr/local/texlive/2015/texmf-dist/tex/latex/amsmath/amsbsy.sty
Package: amsbsy 1999/11/29 v1.2d
\pmbraise@=\dimen124
)
(/usr/local/texlive/2015/texmf-dist/tex/latex/amsmath/amsopn.sty
Package: amsopn 1999/12/14 v2.01 operator names
)
\inf@bad=\count102
LaTeX Info: Redefining \frac on input line 210.
\uproot@=\count103
\leftroot@=\count104
LaTeX Info: Redefining \overline on input line 306.
\classnum@=\count105
\DOTSCASE@=\count106
LaTeX Info: Redefining \ldots on input line 378.
LaTeX Info: Redefining \dots on input line 381.
LaTeX Info: Redefining \cdots on input line 466.
\Mathstrutbox@=\box26
\strutbox@=\box27
\big@size=\dimen125
LaTeX Font Info:    Redeclaring font encoding OML on input line 566.
LaTeX Font Info:    Redeclaring font encoding OMS on input line 567.
\macc@depth=\count107
\c@MaxMatrixCols=\count108
\dotsspace@=\muskip11
\c@parentequation=\count109
\dspbrk@lvl=\count110
\tag@help=\toks21
\row@=\count111
\column@=\count112
\maxfields@=\count113
\andhelp@=\toks22
\eqnshift@=\dimen126
\alignsep@=\dimen127
\tagshift@=\dimen128
\tagwidth@=\dimen129
\totwidth@=\dimen130
\lineht@=\dimen131
\@envbody=\toks23
\multlinegap=\skip47
\multlinetaggap=\skip48
\mathdisplay@stack=\toks24
LaTeX Info: Redefining \[ on input line 2665.
LaTeX Info: Redefining \] on input line 2666.
)
(/usr/local/texlive/2015/texmf-dist/tex/latex/biblatex/biblatex.sty
Package: biblatex 2015/04/19 v3.0 programmable bibliographies (PK/JW/AB)

(/usr/local/texlive/2015/texmf-dist/tex/latex/biblatex/biblatex1.sty
Package: biblatex1 2015/04/19 v3.0 programmable bibliographies (bibtex) (PK/JW/
AB)

(/usr/local/texlive/2015/texmf-dist/tex/latex/etoolbox/etoolbox.sty
Package: etoolbox 2015/05/04 v2.2 e-TeX tools for LaTeX (JAW)
\etb@tempcnta=\count114
)
(/usr/local/texlive/2015/texmf-dist/tex/latex/logreq/logreq.sty
Package: logreq 2010/08/04 v1.0 xml request logger
\lrq@indent=\count115

(/usr/local/texlive/2015/texmf-dist/tex/latex/logreq/logreq.def
File: logreq.def 2010/08/04 v1.0 logreq spec v1.0
))
(/usr/local/texlive/2015/texmf-dist/tex/latex/base/ifthen.sty
Package: ifthen 2014/09/29 v1.1c Standard LaTeX ifthen package (DPC)
)
\c@tabx@nest=\count116
\c@listtotal=\count117
\c@listcount=\count118
\c@liststart=\count119
\c@liststop=\count120
\c@citecount=\count121
\c@citetotal=\count122
\c@multicitecount=\count123
\c@multicitetotal=\count124
\c@instcount=\count125
\c@maxnames=\count126
\c@minnames=\count127
\c@maxitems=\count128
\c@minitems=\count129
\c@citecounter=\count130
\c@savedcitecounter=\count131
\c@uniquelist=\count132
\c@uniquename=\count133
\c@refsection=\count134
\c@refsegment=\count135
\c@maxextrayear=\count136
\c@maxextraalpha=\count137
\c@abbrvpenalty=\count138
\c@highnamepenalty=\count139
\c@lownamepenalty=\count140
\c@maxparens=\count141
\c@parenlevel=\count142
\blx@tempcnta=\count143
\blx@tempcntb=\count144
\blx@tempcntc=\count145
\blx@maxsection=\count146
\blx@maxsegment=\count147
\blx@notetype=\count148
\blx@parenlevel@text=\count149
\blx@parenlevel@foot=\count150
\labelnumberwidth=\skip49
\labelalphawidth=\skip50
\shorthandwidth=\skip51
\biblabelsep=\skip52
\bibitemsep=\skip53
\bibnamesep=\skip54
\bibinitsep=\skip55
\bibparsep=\skip56
\bibhang=\skip57
\blx@auxin=\read1
\blx@auxout=\write3
\c@mincomprange=\count151
\c@maxcomprange=\count152
\c@mincompwidth=\count153
\c@labelname=\count154
\c@savedlabelname=\count155
\c@author=\count156
\c@savedauthor=\count157
\c@shortauthor=\count158
\c@savedshortauthor=\count159
\c@editor=\count160
\c@savededitor=\count161
\c@editora=\count162
\c@savededitora=\count163
\c@editorb=\count164
\c@savededitorb=\count165
\c@editorc=\count166
\c@savededitorc=\count167
\c@shorteditor=\count168
\c@savedshorteditor=\count169
\c@bookauthor=\count170
\c@savedbookauthor=\count171
\c@translator=\count172
\c@savedtranslator=\count173
\c@annotator=\count174
\c@savedannotator=\count175
\c@commentator=\count176
\c@savedcommentator=\count177
\c@introduction=\count178
\c@savedintroduction=\count179
\c@foreword=\count180
\c@savedforeword=\count181
\c@afterword=\count182
\c@savedafterword=\count183
\c@holder=\count184
\c@savedholder=\count185
\c@namea=\count186
\c@savednamea=\count187
\c@nameb=\count188
\c@savednameb=\count189
\c@namec=\count190
\c@savednamec=\count191
\c@institution=\count192
\c@savedinstitution=\count193
\c@language=\count194
\c@savedlanguage=\count195
\c@location=\count196
\c@savedlocation=\count197
\c@organization=\count198
\c@savedorganization=\count199
\c@origlocation=\count200
\c@savedoriglocation=\count201
\c@origpublisher=\count202
\c@savedorigpublisher=\count203
\c@pageref=\count204
\c@savedpageref=\count205
\c@publisher=\count206
\c@savedpublisher=\count207
\c@lista=\count208
\c@savedlista=\count209
\c@listb=\count210
\c@savedlistb=\count211
\c@listc=\count212
\c@savedlistc=\count213
\c@listd=\count214
\c@savedlistd=\count215
\c@liste=\count216
\c@savedliste=\count217
\c@listf=\count218
\c@savedlistf=\count219
Package biblatex Info: Trying to load compatibility code...
Package biblatex Info: ... file 'blx-compat.def' found.

(/usr/local/texlive/2015/texmf-dist/tex/latex/biblatex/blx-compat.def
File: blx-compat.def 2015/04/19 v3.0 biblatex compatibility (PK/JW/AB)
)
Package biblatex Info: Trying to load generic definitions...
Package biblatex Info: ... file 'biblatex.def' found.

(/usr/local/texlive/2015/texmf-dist/tex/latex/biblatex/biblatex.def
File: biblatex.def 
\c@textcitecount=\count220
\c@textcitetotal=\count221
\c@textcitemaxnames=\count222
\c@biburlnumpenalty=\count223
\c@biburlucpenalty=\count224
\c@biburllcpenalty=\count225
\c@smartand=\count226
)
Package biblatex Info: Trying to load bibliography style 'numeric'...
Package biblatex Info: ... file 'numeric.bbx' found.

(/usr/local/texlive/2015/texmf-dist/tex/latex/biblatex/bbx/numeric.bbx
File: numeric.bbx 2015/04/19 v3.0 biblatex bibliography style (PK/JW/AB)
Package biblatex Info: Trying to load bibliography style 'standard'...
Package biblatex Info: ... file 'standard.bbx' found.

(/usr/local/texlive/2015/texmf-dist/tex/latex/biblatex/bbx/standard.bbx
File: standard.bbx 2015/04/19 v3.0 biblatex bibliography style (PK/JW/AB)
\c@bbx:relatedcount=\count227
\c@bbx:relatedtotal=\count228
))
Package biblatex Info: Trying to load citation style 'authortitle'...
Package biblatex Info: ... file 'authortitle.cbx' found.

(/usr/local/texlive/2015/texmf-dist/tex/latex/biblatex/cbx/authortitle.cbx
File: authortitle.cbx 2015/04/19 v3.0 biblatex citation style (PK/JW/AB)
Package biblatex Info: Redefining '\cite'.
Package biblatex Info: Redefining '\parencite'.
Package biblatex Info: Redefining '\footcite'.
Package biblatex Info: Redefining '\footcitetext'.
Package biblatex Info: Redefining '\smartcite'.
Package biblatex Info: Redefining '\textcite'.
Package biblatex Info: Redefining '\textcites'.
)
Package biblatex Info: Trying to load configuration file...
Package biblatex Info: ... file 'biblatex.cfg' found.

(/usr/local/texlive/2015/texmf-dist/tex/latex/biblatex/biblatex.cfg
File: biblatex.cfg 
)))
(/usr/local/texlive/2015/texmf-dist/tex/latex/ms/ragged2e.sty
Package: ragged2e 2009/05/21 v2.1 ragged2e Package (MS)

(/usr/local/texlive/2015/texmf-dist/tex/latex/ms/everysel.sty
Package: everysel 2011/10/28 v1.2 EverySelectfont Package (MS)
)
\CenteringLeftskip=\skip58
\RaggedLeftLeftskip=\skip59
\RaggedRightLeftskip=\skip60
\CenteringRightskip=\skip61
\RaggedLeftRightskip=\skip62
\RaggedRightRightskip=\skip63
\CenteringParfillskip=\skip64
\RaggedLeftParfillskip=\skip65
\RaggedRightParfillskip=\skip66
\JustifyingParfillskip=\skip67
\CenteringParindent=\skip68
\RaggedLeftParindent=\skip69
\RaggedRightParindent=\skip70
\JustifyingParindent=\skip71
)
(/usr/local/texlive/2015/texmf-dist/tex/latex/graphics/graphicx.sty
Package: graphicx 2014/10/28 v1.0g Enhanced LaTeX Graphics (DPC,SPQR)

(/usr/local/texlive/2015/texmf-dist/tex/latex/graphics/graphics.sty
Package: graphics 2014/10/28 v1.0p Standard LaTeX Graphics (DPC,SPQR)

(/usr/local/texlive/2015/texmf-dist/tex/latex/graphics/trig.sty
Package: trig 1999/03/16 v1.09 sin cos tan (DPC)
)
(/usr/local/texlive/2015/texmf-dist/tex/latex/latexconfig/graphics.cfg
File: graphics.cfg 2010/04/23 v1.9 graphics configuration of TeX Live
)
Package graphics Info: Driver file: pdftex.def on input line 94.

(/usr/local/texlive/2015/texmf-dist/tex/latex/pdftex-def/pdftex.def
File: pdftex.def 2011/05/27 v0.06d Graphics/color for pdfTeX
\Gread@gobject=\count229
))
\Gin@req@height=\dimen132
\Gin@req@width=\dimen133
)
(/usr/local/texlive/2015/texmf-dist/tex/latex/float/float.sty
Package: float 2001/11/08 v1.3d Float enhancements (AL)
\c@float@type=\count230
\float@exts=\toks25
\float@box=\box28
\@float@everytoks=\toks26
\@floatcapt=\box29
)
(/usr/local/texlive/2015/texmf-dist/tex/latex/tools/afterpage.sty
Package: afterpage 2014/10/28 v1.08 After-Page Package (DPC)
\AP@output=\toks27
\AP@partial=\box30
\AP@footins=\box31
)
(/usr/local/texlive/2015/texmf-dist/tex/latex/moreverb/moreverb.sty
Package: moreverb 2008/06/03 v2.3a `more' verbatim facilities

(/usr/local/texlive/2015/texmf-dist/tex/latex/tools/verbatim.sty
Package: verbatim 2014/10/28 v1.5q LaTeX2e package for verbatim enhancements
\every@verbatim=\toks28
\verbatim@line=\toks29
\verbatim@in@stream=\read2
)
\tab@position=\count231
\tab@size=\count232
\listing@line=\count233
)
Package biblatex Info: Trying to load language 'ngerman'...
Package biblatex Info: ... file 'ngerman.lbx' found.

(/usr/local/texlive/2015/texmf-dist/tex/latex/biblatex/lbx/ngerman.lbx
File: ngerman.lbx 2015/04/19 v3.0 biblatex localization (PK/JW/AB)
Package biblatex Info: Trying to load language 'german'...
Package biblatex Info: ... file 'german.lbx' found.

(/usr/local/texlive/2015/texmf-dist/tex/latex/biblatex/lbx/german.lbx
File: german.lbx 2015/04/19 v3.0 biblatex localization (PK/JW/AB)
))

Package biblatex Warning: 'babel/polyglossia' detected but 'csquotes' missing.
(biblatex)                Loading 'csquotes' recommended.

\@quotelevel=\count266
\@quotereset=\count267
(./Exposé.aux)
\openout1 = `Exposé.aux'.

LaTeX Font Info:    Checking defaults for OML/cmm/m/it on input line 67.
LaTeX Font Info:    ... okay on input line 67.
LaTeX Font Info:    Checking defaults for T1/cmr/m/n on input line 67.
LaTeX Font Info:    ... okay on input line 67.
LaTeX Font Info:    Checking defaults for OT1/cmr/m/n on input line 67.
LaTeX Font Info:    ... okay on input line 67.
LaTeX Font Info:    Checking defaults for OMS/cmsy/m/n on input line 67.
LaTeX Font Info:    ... okay on input line 67.
LaTeX Font Info:    Checking defaults for OMX/cmex/m/n on input line 67.
LaTeX Font Info:    ... okay on input line 67.
LaTeX Font Info:    Checking defaults for U/cmr/m/n on input line 67.
LaTeX Font Info:    ... okay on input line 67.
LaTeX Font Info:    Checking defaults for PD1/pdf/m/n on input line 67.
LaTeX Font Info:    ... okay on input line 67.

*geometry* driver: auto-detecting
*geometry* detected driver: pdftex
*geometry* verbose mode - [ preamble ] result:
* driver: pdftex
* paper: a4paper
* layout: <same size as paper>
* layoutoffset:(h,v)=(0.0pt,0.0pt)
* modes: 
* h-part:(L,W,R)=(71.13188pt, 455.24411pt, 71.13188pt)
* v-part:(T,H,B)=(56.9055pt, 731.23584pt, 56.9055pt)
* \paperwidth=597.50787pt
* \paperheight=845.04684pt
* \textwidth=455.24411pt
* \textheight=731.23584pt
* \oddsidemargin=-1.1381pt
* \evensidemargin=-1.1381pt
* \topmargin=-52.36449pt
* \headheight=12.0pt
* \headsep=25.0pt
* \topskip=12.0pt
* \footskip=30.0pt
* \marginparwidth=44.0pt
* \marginparsep=10.0pt
* \columnsep=10.0pt
* \skip\footins=10.8pt plus 4.0pt minus 2.0pt
* \hoffset=0.0pt
* \voffset=0.0pt
* \mag=1000
* \@twocolumnfalse
* \@twosidefalse
* \@mparswitchfalse
* \@reversemarginfalse
* (1in=72.27pt=25.4mm, 1cm=28.453pt)

\AtBeginShipoutBox=\box32
Package hyperref Info: Link coloring OFF on input line 67.
(/usr/local/texlive/2015/texmf-dist/tex/latex/hyperref/nameref.sty
Package: nameref 2012/10/27 v2.43 Cross-referencing by name of section

(/usr/local/texlive/2015/texmf-dist/tex/generic/oberdiek/gettitlestring.sty
Package: gettitlestring 2010/12/03 v1.4 Cleanup title references (HO)
)
\c@section@level=\count268
)
LaTeX Info: Redefining \ref on input line 67.
LaTeX Info: Redefining \pageref on input line 67.
LaTeX Info: Redefining \nameref on input line 67.

(./Exposé.out) (./Exposé.out)
\@outlinefile=\write4
\openout4 = `Exposé.out'.

Package biblatex Info: Input encoding 'utf8' detected.
Package biblatex Info: Automatic encoding selection.
(biblatex)             Assuming data encoding 'utf8'.


Package biblatex Warning: Data encoding is 'utf8'.
(biblatex)                Use backend=biber.

\openout3 = `Exposé-blx.bib'.

Package biblatex Info: Trying to load bibliographic data...
Package biblatex Info: ... file 'Exposé.bbl' not found.
No file Exposé.bbl.
Package biblatex Info: Reference section=0 on input line 67.
Package biblatex Info: Reference segment=0 on input line 67.
ABD: EverySelectfont initializing macros
LaTeX Info: Redefining \selectfont on input line 67.

(/usr/local/texlive/2015/texmf-dist/tex/context/base/supp-pdf.mkii
[Loading MPS to PDF converter (version 2006.09.02).]
\scratchcounter=\count269
\scratchdimen=\dimen134
\scratchbox=\box33
\nofMPsegments=\count270
\nofMParguments=\count271
\everyMPshowfont=\toks30
\MPscratchCnt=\count272
\MPscratchDim=\dimen135
\MPnumerator=\count273
\makeMPintoPDFobject=\count274
\everyMPtoPDFconversion=\toks31
) (/usr/local/texlive/2015/texmf-dist/tex/latex/oberdiek/epstopdf-base.sty
Package: epstopdf-base 2010/02/09 v2.5 Base part for package epstopdf

(/usr/local/texlive/2015/texmf-dist/tex/latex/oberdiek/grfext.sty
Package: grfext 2010/08/19 v1.1 Manage graphics extensions (HO)
)
Package grfext Info: Graphics extension search list:
(grfext)             [.png,.pdf,.jpg,.mps,.jpeg,.jbig2,.jb2,.PNG,.PDF,.JPG,.JPE
G,.JBIG2,.JB2,.eps]
(grfext)             \AppendGraphicsExtensions on input line 452.

(/usr/local/texlive/2015/texmf-dist/tex/latex/latexconfig/epstopdf-sys.cfg
File: epstopdf-sys.cfg 2010/07/13 v1.3 Configuration of (r)epstopdf for TeX Liv
e
))
(./Exposé.toc)
\tf@toc=\write5
\openout5 = `Exposé.toc'.

Package babel Info: Redefining ngerman shorthand "|
(babel)             in language append on input line 68.
Package babel Info: Redefining ngerman shorthand "~
(babel)             in language append on input line 68.
Package babel Info: Redefining ngerman shorthand "|
(babel)             in language append on input line 68.
Package babel Info: Redefining ngerman shorthand "~
(babel)             in language append on input line 68.
 [1

{/usr/local/texlive/2015/texmf-var/fonts/map/pdftex/updmap/pdftex.map}] (./Expo
sé.lof)
\tf@lof=\write6
\openout6 = `Exposé.lof'.

Package babel Info: Redefining ngerman shorthand "|
(babel)             in language append on input line 68.
Package babel Info: Redefining ngerman shorthand "~
(babel)             in language append on input line 68.
Package babel Info: Redefining ngerman shorthand "|
(babel)             in language append on input line 68.
Package babel Info: Redefining ngerman shorthand "~
(babel)             in language append on input line 68.
 [2] (./Exposé.lot)
\tf@lot=\write7
\openout7 = `Exposé.lot'.

Package babel Info: Redefining ngerman shorthand "|
(babel)             in language append on input line 68.
Package babel Info: Redefining ngerman shorthand "~
(babel)             in language append on input line 68.
Package babel Info: Redefining ngerman shorthand "|
(babel)             in language append on input line 68.
Package babel Info: Redefining ngerman shorthand "~
(babel)             in language append on input line 68.
 [3]
Package babel Info: Redefining ngerman shorthand "|
(babel)             in language append on input line 70.
Package babel Info: Redefining ngerman shorthand "~
(babel)             in language append on input line 70.

Overfull \hbox (0.6062pt too wide) in paragraph at lines 71--72
\OT1/cmr/m/n/12 Gegenstand der Pro-jekt-ar-beit bil-det ein hin-
 []


Overfull \hbox (2.87144pt too wide) in paragraph at lines 71--72
\OT1/cmr/m/n/12 sicht-lich der Ener-gie-ef-fi-zi-enz und Wirt-schaft-
 []


Overfull \hbox (60.75827pt too wide) in paragraph at lines 73--74
\OT1/cmr/m/n/12 ei-ne Ge-sell-schaft, die min-des-tens drei []Ubertragungswege
 []


Overfull \hbox (7.28104pt too wide) in paragraph at lines 73--74
\OT1/cmr/m/n/12 be-treibt, die []uber ei-ne Ver-mitt-lungs-stel-le mit-
 []


Overfull \hbox (128.36174pt too wide) in paragraph at lines 73--74
\OT1/cmr/m/n/12 er, URL: http://www.itwissen.info/definition/lexikon/Netzbetrei
ber-
 []


Overfull \hbox (38.3835pt too wide) in paragraph at lines 73--74
\OT1/cmr/m/n/12 carrier-NB.html, zu-letzt ein-ge-se-hen am 01.04.2016.)
 []


Overfull \hbox (27.18924pt too wide) in paragraph at lines 73--74
\OT1/cmr/m/n/12 sche Trans-port-we-ge und -verfahren zur Verf[]ugung
 []


Overfull \hbox (8.75002pt too wide) in paragraph at lines 73--74
\OT1/cmr/m/n/12 auf den Carrier-Diensten auf-set-zen (Vgl. Kon-
 []


Overfull \hbox (18.90038pt too wide) in paragraph at lines 73--74
\OT1/cmr/m/n/12 rad Fa^^Y-nacht, Sie-mens Busi-ness Ser-vices (1997):
 []


Overfull \hbox (15.27126pt too wide) in paragraph at lines 73--74
\OT1/cmr/m/n/12 Der deut-sche Te-le-kom-mu-ni-ka-ti-ons-markt, URL:
 []


Overfull \hbox (45.79738pt too wide) in paragraph at lines 73--74
\OT1/cmr/m/n/12 https://www.rz.uni-augsburg.de/info/connect/1997-
 []


Overfull \hbox (31.04475pt too wide) in paragraph at lines 73--74
\OT1/cmr/m/n/12 02/telemarkt/ (zu-letzt ein-ge-se-hen am 01.04.2016).
 []


Overfull \hbox (17.33372pt too wide) in paragraph at lines 73--74
\OT1/cmr/m/n/12 ten-ver-bin-dun-gen, Richt-funk-stre-cken und Rund-
 []


Overfull \hbox (4.01587pt too wide) in paragraph at lines 75--76
[]\OT1/cmr/m/n/12 Somit um-fasst ein Carrier-Netzwerk nicht
 []


Overfull \hbox (43.38213pt too wide) in paragraph at lines 75--76
\OT1/cmr/m/n/12 le des Zu-gangs-net-zes zu-guns-ten ei-ner ausf[]uhrlicheren
 []


Overfull \hbox (19.13324pt too wide) in paragraph at lines 75--76
\OT1/cmr/m/n/12 und Ag-gre-ga-ti-ons-netz-werk. So bil-det der Broad-
 []

Package babel Info: Redefining ngerman shorthand "|
(babel)             in language append on input line 78.
Package babel Info: Redefining ngerman shorthand "~
(babel)             in language append on input line 78.

Overfull \hbox (15.46576pt too wide) in paragraph at lines 79--81
\OT1/cmr/m/n/12 Um den Ener-gie-ver-brauch im Carrier-Netzwerk
 []


Overfull \hbox (8.81583pt too wide) in paragraph at lines 79--81
\OT1/cmr/m/n/12 nung des ge-samt-heit-li-chen Ener-gie-ver-brauchs.
 []


Overfull \hbox (45.88489pt too wide) in paragraph at lines 79--81
\OT1/cmr/m/n/12 deghem und Fi-lip Id-zi-kow-ski in ih-rer Ver[]offentlichung
 []


Overfull \hbox (6.73059pt too wide) in paragraph at lines 79--81
\OT1/cmr/m/n/12 zu-sam-men-ge-tra-ge-nen Wer-te. Die Quel-le bein-
 []


Overfull \hbox (1.30896pt too wide) in paragraph at lines 79--81
\OT1/cmr/m/n/12 blatt des Ener-gie-ver-brauchs der un-ter-schied-
 []


Overfull \hbox (1.40843pt too wide) in paragraph at lines 79--81
\OT1/cmr/m/n/12 li-chen Her-stel-ler. Das Da-ten-blatt glie-dert die
 []


Overfull \hbox (39.91693pt too wide) in paragraph at lines 79--81
\OT1/cmr/m/n/12 Ger[]ate nach den Un-ter-schied-li-chen Layer IP/MPLS,
 []


Overfull \hbox (5.55328pt too wide) in paragraph at lines 79--81
\OT1/cmr/m/n/12 schen Last-be-din-gun-gen han-delt, die sich nach
 []


Overfull \hbox (6.65338pt too wide) in paragraph at lines 82--83
[]\OT1/cmr/m/n/12 Pcore = Pip + Pether-net + Potn + Pwdm 
 []


Overfull \hbox (7.29431pt too wide) in paragraph at lines 85--85
[]\OT1/cmr/bx/n/14.4 Energie-effiziente Tech-no-lo-
 []

Package babel Info: Redefining ngerman shorthand "|
(babel)             in language append on input line 85.
Package babel Info: Redefining ngerman shorthand "~
(babel)             in language append on input line 85.

Overfull \hbox (2.15703pt too wide) in paragraph at lines 86--92
\OT1/cmr/m/n/12 spa-ren von Ener-gie in Carrier-Netzen. In die-
 []


Overfull \hbox (0.52147pt too wide) in paragraph at lines 86--92
\OT1/cmr/m/n/12 schaft-lich-keit von Ener-gie-ef-fi-zi-en-ten Netz-ten
 []


Overfull \hbox (59.89308pt too wide) in paragraph at lines 86--92
\OT1/cmr/m/n/12 tung von Swit-ches und Links un-ter der Ber[]ucksichtigung
 []


Overfull \hbox (6.62827pt too wide) in paragraph at lines 86--92
\OT1/cmr/m/n/12 Mikro-elektromechanischen Sys-te-men, die die
 []


Overfull \hbox (27.81146pt too wide) in paragraph at lines 86--92
\OT1/cmr/m/n/12 ge-nutz-ten Ports des schnel-len Swit-ches erm[]oglicht
 []

Package babel Info: Redefining ngerman shorthand "|
(babel)             in language append on input line 92.
Package babel Info: Redefining ngerman shorthand "~
(babel)             in language append on input line 92.
Package babel Info: Redefining ngerman shorthand "|
(babel)             in language append on input line 92.
Package babel Info: Redefining ngerman shorthand "~
(babel)             in language append on input line 92.
[4

]
Overfull \hbox (20.64583pt too wide) in paragraph at lines 94--94
[]\OT1/cmr/bx/n/17.28 Problemstellung und Mo-
 []

Package babel Info: Redefining ngerman shorthand "|
(babel)             in language append on input line 94.
Package babel Info: Redefining ngerman shorthand "~
(babel)             in language append on input line 94.

Overfull \hbox (6.74918pt too wide) in paragraph at lines 95--96
\OT1/cmr/m/n/12 Nach ei-ner Sch[]atzung des ICT-Analysehauses
 []


Overfull \hbox (5.9853pt too wide) in paragraph at lines 95--96
\OT1/cmr/m/n/12 Gart-ner er-zeug-te die Informations- und Kom-
 []


Overfull \hbox (0.29639pt too wide) in paragraph at lines 95--96
\OT1/cmr/m/n/12 2% des glo-ba-len Aus-sto-^^Yes an CO2, was dem
 []


Overfull \hbox (1.82701pt too wide) in paragraph at lines 95--96
\OT1/cmr/m/n/12 Seit dem ist der An-teil der Bev[]olkerung welt-
 []


Overfull \hbox (5.87003pt too wide) in paragraph at lines 99--100
\OT1/cmr/m/n/12 des Ener-gie-ver-brauchs von ICT-Infrastruktur
 []


Overfull \hbox (32.84143pt too wide) in paragraph at lines 99--100
\OT1/cmr/m/n/12 zu ver-rin-gern. Nat[]urlich sind ne-ben dem Bem[]uhen,
 []


Overfull \hbox (1.46591pt too wide) in paragraph at lines 99--100
\OT1/cmr/m/n/12 sind ein gro^^Yes Ri-si-ko f[]ur ICT-Provider welt-
 []


Overfull \hbox (6.79587pt too wide) in paragraph at lines 101--102
\OT1/cmr/m/n/12 in-ef-fi-zi-en-ten Net-zen er-ge-ben. Es soll ei-ne Soft-
 []


Overfull \hbox (4.60336pt too wide) in paragraph at lines 101--102
\OT1/cmr/m/n/12 zwei hy-po-the-ti-sche Net-ze mit-ein-an-der zu ver-
 []


Overfull \hbox (1.99359pt too wide) in paragraph at lines 101--102
\OT1/cmr/m/n/12 glei-chen, zum einen ein kon-ven-tio-nel-les Netz,
 []


Overfull \hbox (5.87383pt too wide) in paragraph at lines 104--104
[]\OT1/cmr/bx/n/17.28 Methodisches Vor-ge-hen 
 []

Package babel Info: Redefining ngerman shorthand "|
(babel)             in language append on input line 104.
Package babel Info: Redefining ngerman shorthand "~
(babel)             in language append on input line 104.

Overfull \hbox (10.14777pt too wide) in paragraph at lines 105--106
\OT1/cmr/m/n/12 Zur Durchf[]uhrung ei-ner Kal-ku-la-ti-on des Ener-
 []


Overfull \hbox (1.73119pt too wide) in paragraph at lines 107--108
\OT1/cmr/m/n/12 des Ener-gie-ver-brauchs und die Erh[]ohung der
 []


Overfull \hbox (14.55605pt too wide) in paragraph at lines 107--108
\OT1/cmr/m/n/12 Ener-gie-ef-fi-zi-enz in Kom-mu-ni-ka-ti-ons-net-zen her-
 []


Overfull \hbox (11.46526pt too wide) in paragraph at lines 107--108
\OT1/cmr/m/n/12 aus-ge-fun-den wer-den. In ei-nem wei-te-ren Schritt
 []


Overfull \hbox (12.83607pt too wide) in paragraph at lines 109--110
\OT1/cmr/m/n/12 f[]ur die-se Ar-beit re-le-van-ten Sco-pes. Zu kl[]arende
 []


Overfull \hbox (1.75557pt too wide) in paragraph at lines 109--110
\OT1/cmr/m/n/12 netz be-trach-tet wer-den soll, bzw. Wel-che Ge-
 []


Overfull \hbox (2.73672pt too wide) in paragraph at lines 111--112
\OT1/cmr/m/n/12 Sze-na-ri-en (zum einen ein Business-As-Usual-
 []


Overfull \hbox (0.62563pt too wide) in paragraph at lines 111--112
\OT1/cmr/m/n/12 fi-le f[]ur die Si-mu-la-ti-on ver-wen-det wer-den und
 []

Package babel Info: Redefining ngerman shorthand "|
(babel)             in language append on input line 112.
Package babel Info: Redefining ngerman shorthand "~
(babel)             in language append on input line 112.
Package babel Info: Redefining ngerman shorthand "|
(babel)             in language append on input line 112.
Package babel Info: Redefining ngerman shorthand "~
(babel)             in language append on input line 112.
[5]
Overfull \hbox (34.66139pt too wide) in paragraph at lines 113--114
\OT1/cmr/m/n/12 po-ten-zi-el-len Kos-te-n-er-spar-nis-se durch die Erh[]ohung
 []


Overfull \hbox (1.34732pt too wide) in paragraph at lines 113--114
\OT1/cmr/m/n/12 der Ener-gie-ef-fi-zi-enz ab-gesch[]atzt wer-den. Da-
 []


Overfull \hbox (0.19925pt too wide) in paragraph at lines 113--114
\OT1/cmr/m/n/12 ga-be-pa-ra-me-tern den Ener-gie-ver-brauch ei-nes
 []


Overfull \hbox (7.52141pt too wide) in paragraph at lines 115--116
[]\OT1/cmr/m/n/12 Auf Grund-la-ge die-ser Ent-schei-dun-gen und
 []


Overfull \hbox (11.58385pt too wide) in paragraph at lines 119--120
\OT1/cmr/m/n/12 sen so wie auch die Ma-ni-pu-la-ti-on von Netzlast-
 []


Overfull \hbox (37.40303pt too wide) in paragraph at lines 121--122
\OT1/cmr/m/n/12 dungs-for-mu-la-re zur Be-ar-bei-tung der Netzhardware-
 []


Overfull \hbox (2.4145pt too wide) in paragraph at lines 121--122
\OT1/cmr/m/n/12 meh-re-rer Dia-gram-me (jfreechart) im An-wen-
 []


Overfull \hbox (30.26508pt too wide) in paragraph at lines 121--122
\OT1/cmr/m/n/12 dungs-fens-ter an-ge-zeigt. Die Diagrammerstellungs-
 []


Overfull \hbox (2.90201pt too wide) in paragraph at lines 123--124
[]\OT1/cmr/m/n/12 Der Be-reich Con-trol-ler bein-hal-tet die An-
 []


Overfull \hbox (10.37962pt too wide) in paragraph at lines 123--124
\OT1/cmr/m/n/12 wen-dungs-lo-gik, die Im-ple-men-tie-rung des Port-
 []


Overfull \hbox (91.65247pt too wide) in paragraph at lines 123--124
\OT1/cmr/m/n/12 tel-ten Schlei-fen zum durch-pro-bie-ren der L[]osungsm[]oglich
keiten
 []


Overfull \hbox (32.14198pt too wide) in paragraph at lines 123--124
\OT1/cmr/m/n/12 (Netzlast-Routing und Energiespar-/Ab-schaltung
 []


Overfull \hbox (1.17424pt too wide) in paragraph at lines 123--124
\OT1/cmr/m/n/12 von Netz-werk-stre-cken) mit dem Ziel der Fin-
 []


Overfull \hbox (4.37282pt too wide) in paragraph at lines 123--124
\OT1/cmr/m/n/12 dung des bes-ten Er-geb-nis-ses (fr[]uher Ab-bruch
 []


Overfull \hbox (21.21848pt too wide) in paragraph at lines 123--124
\OT1/cmr/m/n/12 samt-strom-ver-brauch ei-ner L[]osung ei-ner fr[]uheren
 []


Overfull \hbox (9.49915pt too wide) in paragraph at lines 125--126
[]\OT1/cmr/m/n/12 Allgemein fin-det nur ei-ne sehr ru-di-ment[]are
 []


Overfull \hbox (0.6173pt too wide) in paragraph at lines 125--126
\OT1/cmr/m/n/12 spiels-wei-se liegt es in Ver-ant-wor-tung des An-
 []


Overfull \hbox (20.50043pt too wide) in paragraph at lines 125--126
\OT1/cmr/m/n/12 lung k[]onnte ei-ne kom-ple-xe Plau-si-bi-lit[]atspr[]ufung
 []


Overfull \hbox (4.76031pt too wide) in paragraph at lines 127--128
[]\OT1/cmr/m/n/12 Diese Auf-tei-lung der ein-zel-nen Im-ple-men-
 []


Overfull \hbox (7.445pt too wide) in paragraph at lines 127--128
\OT1/cmr/m/n/12 ten und die je-wei-li-gen Ent-wick-lungs-fort-schrit-
 []


Overfull \hbox (161.32953pt too wide) in paragraph at lines 127--128
\OT1/cmr/m/n/12 te []uber ein git Re-po-si-to-ry auf htt-ps://github.com/Energy
NetSim/Simulator
 []


Overfull \hbox (5.59033pt too wide) in paragraph at lines 127--128
\OT1/cmr/m/n/12 ver-tei-len k[]onnen. Der je-wei-li-ge Ent-wick-lungs-
 []

Package atveryend Info: Empty hook `BeforeClearDocument' on input line 139.
Package babel Info: Redefining ngerman shorthand "|
(babel)             in language append on input line 139.
Package babel Info: Redefining ngerman shorthand "~
(babel)             in language append on input line 139.
Package babel Info: Redefining ngerman shorthand "|
(babel)             in language append on input line 139.
Package babel Info: Redefining ngerman shorthand "~
(babel)             in language append on input line 139.
[6]
Package atveryend Info: Empty hook `AfterLastShipout' on input line 139.
 (./Exposé.aux)
Package atveryend Info: Executing hook `AtVeryEndDocument' on input line 139.
Package atveryend Info: Executing hook `AtEndAfterFileList' on input line 139.


Package rerunfilecheck Warning: File `Exposé.out' has changed.
(rerunfilecheck)                Rerun to get outlines right
(rerunfilecheck)                or use package `bookmark'.

Package rerunfilecheck Info: Checksums for `Exposé.out':
(rerunfilecheck)             Before: 5F289C6CDB6E8FDC93D5BF431EDE828F;278
(rerunfilecheck)             After:  A4180A9389235C099360BE89823425D9;334.
Package logreq Info: Writing requests to 'Exposé.run.xml'.
\openout1 = `Exposé.run.xml'.

Package atveryend Info: Empty hook `AtVeryVeryEnd' on input line 139.
 ) 
Here is how much of TeX's memory you used:
 11836 strings out of 493089
 183704 string characters out of 6134843
 400213 words of memory out of 5000000
 15151 multiletter control sequences out of 15000+600000
 8568 words of font info for 31 fonts, out of 8000000 for 9000
 1145 hyphenation exceptions out of 8191
 32i,4n,33p,1166b,1461s stack positions out of 5000i,500n,10000p,200000b,80000s
</usr/local/texlive/2015/texmf-dist/fonts/type1/public/amsfonts/cm/cmbx12.pfb
></usr/local/texlive/2015/texmf-dist/fonts/type1/public/amsfonts/cm/cmr12.pfb>
Output written on Exposé.pdf (6 pages, 50446 bytes).
PDF statistics:
 69 PDF objects out of 1000 (max. 8388607)
 58 compressed objects within 1 object stream
 15 named destinations out of 1000 (max. 500000)
 33 words of extra memory for PDF output out of 10000 (max. 10000000)

